<?xml version="1.0" encoding="UTF-8"?>
<!-- Generated by org.testng.reporters.JUnitReportReporter -->
<testsuite skipped="0" hostname="sirishas-Air.hitronhub.home" name="com.DataProvider.DataProvider1" tests="2" failures="0" timestamp="2021-07-27T15:14:53 CDT" time="0.009" errors="0">
  <testcase name="basics" time="0.008" classname="com.DataProvider.DataProvider1"/>
  <system-out/>
  <testcase name="basics" time="0.001" classname="com.DataProvider.DataProvider1"/>
  <system-out/>
</testsuite> <!-- com.DataProvider.DataProvider1 -->
