<?xml version="1.0" encoding="UTF-8"?>
<!-- Generated by org.testng.reporters.JUnitReportReporter -->
<testsuite skipped="0" hostname="sirishas-Air.hitronhub.home" name="com.test.TestNGFeatures" tests="3" failures="0" timestamp="2021-07-26T16:51:51 CDT" time="0.012" errors="0">
  <testcase name="regage" time="0.002" classname="com.test.TestNGFeatures"/>
  <system-out/>
  <testcase name="login" time="0.009" classname="com.test.TestNGFeatures"/>
  <system-out/>
  <testcase name="homePage" time="0.001" classname="com.test.TestNGFeatures"/>
  <system-out/>
</testsuite> <!-- com.test.TestNGFeatures -->
