<?xml version="1.0" encoding="UTF-8"?>
<!-- Generated by org.testng.reporters.JUnitReportReporter -->
<testsuite skipped="0" hostname="sirishas-Air.hitronhub.home" name="Praticse.Actions1Test" tests="1" failures="0" timestamp="2021-07-28T08:20:01 CDT" time="4.868" errors="0">
  <testcase name="actionTest" time="4.868" classname="Praticse.Actions1Test"/>
  <system-out/>
</testsuite> <!-- Praticse.Actions1Test -->
