<?xml version="1.0" encoding="UTF-8"?>
<!-- Generated by org.testng.reporters.JUnitReportReporter -->
<testsuite skipped="0" hostname="sirishas-Air.hitronhub.home" name="com.Parallel.FireFoxTest" tests="1" failures="0" timestamp="2021-07-26T16:30:55 CDT" time="3.130" errors="0">
  <testcase name="FirefoxTestMethod" time="3.130" classname="com.Parallel.FireFoxTest"/>
  <system-out/>
</testsuite> <!-- com.Parallel.FireFoxTest -->
