<?xml version="1.0" encoding="UTF-8"?>
<!-- Generated by org.testng.reporters.JUnitReportReporter -->
<testsuite skipped="0" hostname="sirishas-Air.hitronhub.home" name="com.test.ParallelTest" tests="2" failures="0" timestamp="2021-07-26T16:08:06 CDT" time="32.760" errors="0">
  <testcase name="chromeTest" time="16.380" classname="com.test.ParallelTest"/>
  <system-out/>
  <testcase name="firefoxTest" time="16.380" classname="com.test.ParallelTest"/>
  <system-out/>
</testsuite> <!-- com.test.ParallelTest -->
