<?xml version="1.0" encoding="UTF-8"?>
<!-- Generated by org.testng.reporters.JUnitReportReporter -->
<testsuite skipped="0" hostname="sirishas-Air.hitronhub.home" name="Praticse.WindowHandlesTest" tests="1" failures="0" timestamp="2021-07-28T16:52:28 CDT" time="11.645" errors="0">
  <testcase name="actionTest" time="11.645" classname="Praticse.WindowHandlesTest"/>
  <system-out/>
</testsuite> <!-- Praticse.WindowHandlesTest -->
