<?xml version="1.0" encoding="UTF-8"?>
<!-- Generated by org.testng.reporters.JUnitReportReporter -->
<testsuite skipped="0" hostname="sirishas-Air.hitronhub.home" name="Praticse.ActionsTest" tests="1" failures="0" timestamp="2021-07-27T17:37:24 CDT" time="7.548" errors="0">
  <testcase name="alertsTest" time="7.548" classname="Praticse.ActionsTest"/>
  <system-out/>
</testsuite> <!-- Praticse.ActionsTest -->
