<?xml version="1.0" encoding="UTF-8"?>
<!-- Generated by org.testng.reporters.JUnitReportReporter -->
<testsuite skipped="0" hostname="sirishas-Air.hitronhub.home" name="com.test.ExceptionTimeoutTest" tests="1" failures="0" timestamp="2021-07-23T08:04:46 CDT" time="0.016" errors="0">
  <testcase name="test1" time="0.016" classname="com.test.ExceptionTimeoutTest"/>
  <system-out/>
</testsuite> <!-- com.test.ExceptionTimeoutTest -->
