<?xml version="1.0" encoding="UTF-8"?>
<!-- Generated by org.testng.reporters.JUnitReportReporter -->
<testsuite skipped="0" hostname="sirishas-Air.hitronhub.home" name="com.Parallel.ChromeTest" tests="1" failures="0" timestamp="2021-07-26T16:36:21 CDT" time="3.735" errors="0">
  <testcase name="ChromeTestMethod" time="3.735" classname="com.Parallel.ChromeTest"/>
  <system-out/>
</testsuite> <!-- com.Parallel.ChromeTest -->
