<?xml version="1.0" encoding="UTF-8"?>
<!-- Generated by org.testng.reporters.JUnitReportReporter -->
<testsuite skipped="0" hostname="sirishas-Air.hitronhub.home" name="com.DataProvider.LambdaRegTest" tests="4" failures="0" timestamp="2021-07-26T22:58:55 CDT" time="72.197" errors="0">
  <testcase name="lambdaRegTest" time="11.803" classname="com.DataProvider.LambdaRegTest"/>
  <system-out/>
  <testcase name="lambdaRegTest" time="11.731" classname="com.DataProvider.LambdaRegTest"/>
  <system-out/>
  <testcase name="lambdaRegTest" time="36.894" classname="com.DataProvider.LambdaRegTest"/>
  <system-out/>
  <testcase name="lambdaRegTest" time="11.769" classname="com.DataProvider.LambdaRegTest"/>
  <system-out/>
</testsuite> <!-- com.DataProvider.LambdaRegTest -->
