<?xml version="1.0" encoding="UTF-8"?>
<!-- Generated by org.testng.reporters.JUnitReportReporter -->
<testsuite skipped="0" hostname="sirishas-Air.hitronhub.home" name="BrokenLinksTest1" tests="1" failures="0" timestamp="2021-07-29T16:19:14 CDT" time="193.858" errors="0">
  <testcase name="brokenLinks" time="193.858" classname="BrokenLinksTest1"/>
  <system-out/>
</testsuite> <!-- BrokenLinksTest1 -->
