<?xml version="1.0" encoding="UTF-8"?>
<!-- Generated by org.testng.reporters.JUnitReportReporter -->
<testsuite skipped="0" hostname="sirishas-Air.hitronhub.home" name="Praticse.DragAndDrop" tests="1" failures="0" timestamp="2021-07-27T17:52:09 CDT" time="4.714" errors="0">
  <testcase name="actionTest" time="4.714" classname="Praticse.DragAndDrop"/>
  <system-out/>
</testsuite> <!-- Praticse.DragAndDrop -->
