<?xml version="1.0" encoding="UTF-8"?>
<!-- Generated by org.testng.reporters.JUnitReportReporter -->
<testsuite skipped="0" hostname="sirishas-Air.hitronhub.home" name="Praticse.demo" tests="1" failures="0" timestamp="2021-08-05T15:19:53 CDT" time="9.918" errors="0">
  <testcase name="alertsTest" time="9.918" classname="Praticse.demo"/>
  <system-out/>
</testsuite> <!-- Praticse.demo -->
