<?xml version="1.0" encoding="UTF-8"?>
<!-- Generated by org.testng.reporters.JUnitReportReporter -->
<testsuite skipped="0" hostname="sirishas-Air.hitronhub.home" name="Praticse.ExplicitWaitTest" tests="1" failures="0" timestamp="2021-07-28T08:38:08 CDT" time="8.781" errors="0">
  <testcase name="actionTest" time="8.781" classname="Praticse.ExplicitWaitTest"/>
  <system-out/>
</testsuite> <!-- Praticse.ExplicitWaitTest -->
