<?xml version="1.0" encoding="UTF-8"?>
<!-- Generated by org.testng.reporters.JUnitReportReporter -->
<testsuite skipped="0" hostname="sirishas-Air.hitronhub.home" name="com.test.InvocationTestCount" tests="10" failures="0" timestamp="2021-07-23T08:04:46 CDT" time="0.048" errors="0">
  <testcase name="test1" time="0.014" classname="com.test.InvocationTestCount"/>
  <system-out/>
  <testcase name="test1" time="0.009" classname="com.test.InvocationTestCount"/>
  <system-out/>
  <testcase name="test1" time="0.008" classname="com.test.InvocationTestCount"/>
  <system-out/>
  <testcase name="test1" time="0.006" classname="com.test.InvocationTestCount"/>
  <system-out/>
  <testcase name="test1" time="0.002" classname="com.test.InvocationTestCount"/>
  <system-out/>
  <testcase name="test1" time="0.001" classname="com.test.InvocationTestCount"/>
  <system-out/>
  <testcase name="test1" time="0.005" classname="com.test.InvocationTestCount"/>
  <system-out/>
  <testcase name="test1" time="0.001" classname="com.test.InvocationTestCount"/>
  <system-out/>
  <testcase name="test1" time="0.001" classname="com.test.InvocationTestCount"/>
  <system-out/>
  <testcase name="test1" time="0.001" classname="com.test.InvocationTestCount"/>
  <system-out/>
</testsuite> <!-- com.test.InvocationTestCount -->
