<?xml version="1.0" encoding="UTF-8"?>
<!-- Generated by org.testng.reporters.JUnitReportReporter -->
<testsuite skipped="0" hostname="sirishas-Air.hitronhub.home" name="BrokenLinksTest" tests="1" failures="0" timestamp="2021-07-27T15:44:47 CDT" time="38.392" errors="0">
  <testcase name="brokenTest" time="38.392" classname="BrokenLinksTest"/>
  <system-out/>
</testsuite> <!-- BrokenLinksTest -->
