<?xml version="1.0" encoding="UTF-8"?>
<!-- Generated by org.testng.reporters.JUnitReportReporter -->
<testsuite skipped="0" hostname="sirishas-Air.hitronhub.home" name="com.parameters.ParametersTest" tests="1" failures="0" timestamp="2021-07-22T16:06:57 CDT" time="13.706" errors="0">
  <testcase name="phpTravelLogin" time="13.706" classname="com.parameters.ParametersTest"/>
  <system-out/>
</testsuite> <!-- com.parameters.ParametersTest -->
