<?xml version="1.0" encoding="UTF-8"?>
<!-- Generated by org.testng.reporters.JUnitReportReporter -->
<testsuite skipped="0" hostname="sirishas-Air.hitronhub.home" name="com.test.TestNGBasics" tests="3" failures="0" timestamp="2021-07-23T08:04:46 CDT" time="0.028" errors="0">
  <testcase name="googleTitleTest" time="0.014" classname="com.test.TestNGBasics"/>
  <system-out/>
  <testcase name="searchTest" time="0.006" classname="com.test.TestNGBasics"/>
  <system-out/>
  <testcase name="logoTest" time="0.008" classname="com.test.TestNGBasics"/>
  <system-out/>
</testsuite> <!-- com.test.TestNGBasics -->
